npm ERR! code 1
npm ERR! path /Users/Shared/Max 8/Packages/MaxScore/patchers/node.js/max-opentype/node_modules/fontmanager-redux
npm ERR! command failed
npm ERR! command sh -c node-gyp rebuild
npm ERR! CXX(target) Release/obj.target/fontmanager/src/FontManager.o
npm ERR! gyp info it worked if it ends with ok
npm ERR! gyp info using node-gyp@7.1.2
npm ERR! gyp info using node@16.6.0 | darwin | x64
npm ERR! gyp info find Python using Python version 3.8.9 found at "/Applications/Xcode.app/Contents/Developer/usr/bin/python3"
npm ERR! (node:91111) [DEP0150] DeprecationWarning: Setting process.config is deprecated. In the future the property will be read-only.
npm ERR! (Use `node --trace-deprecation ...` to show where the warning was created)
npm ERR! gyp info spawn /Applications/Xcode.app/Contents/Developer/usr/bin/python3
npm ERR! gyp info spawn args [
npm ERR! gyp info spawn args   '/Applications/Max.app/Contents/Resources/C74/packages/Node for Max/source/bin/npm/node_modules/node-gyp/gyp/gyp_main.py',
npm ERR! gyp info spawn args   'binding.gyp',
npm ERR! gyp info spawn args   '-f',
npm ERR! gyp info spawn args   'make',
npm ERR! gyp info spawn args   '-I',
npm ERR! gyp info spawn args   '/Users/Shared/Max 8/Packages/MaxScore/patchers/node.js/max-opentype/node_modules/fontmanager-redux/build/config.gypi',
npm ERR! gyp info spawn args   '-I',
npm ERR! gyp info spawn args   '/Applications/Max.app/Contents/Resources/C74/packages/Node for Max/source/bin/npm/node_modules/node-gyp/addon.gypi',
npm ERR! gyp info spawn args   '-I',
npm ERR! gyp info spawn args   '/Users/hajdu/Library/Caches/node-gyp/16.6.0/include/node/common.gypi',
npm ERR! gyp info spawn args   '-Dlibrary=shared_library',
npm ERR! gyp info spawn args   '-Dvisibility=default',
npm ERR! gyp info spawn args   '-Dnode_root_dir=/Users/hajdu/Library/Caches/node-gyp/16.6.0',
npm ERR! gyp info spawn args   '-Dnode_gyp_dir=/Applications/Max.app/Contents/Resources/C74/packages/Node for Max/source/bin/npm/node_modules/node-gyp',
npm ERR! gyp info spawn args   '-Dnode_lib_file=/Users/hajdu/Library/Caches/node-gyp/16.6.0/<(target_arch)/node.lib',
npm ERR! gyp info spawn args   '-Dmodule_root_dir=/Users/Shared/Max 8/Packages/MaxScore/patchers/node.js/max-opentype/node_modules/fontmanager-redux',
npm ERR! gyp info spawn args   '-Dnode_engine=v8',
npm ERR! gyp info spawn args   '--depth=.',
npm ERR! gyp info spawn args   '--no-parallel',
npm ERR! gyp info spawn args   '--generator-output',
npm ERR! gyp info spawn args   'build',
npm ERR! gyp info spawn args   '-Goutput_dir=.'
npm ERR! gyp info spawn args ]
npm ERR! gyp info spawn make
npm ERR! gyp info spawn args [ 'BUILDTYPE=Release', '-C', 'build' ]
npm ERR! clang: error: no such file or directory: '8/Packages/MaxScore/patchers/node.js/max-opentype/node_modules/node-addon-api'
npm ERR! make: *** [Release/obj.target/fontmanager/src/FontManager.o] Error 1
npm ERR! gyp ERR! build error 
npm ERR! gyp ERR! stack Error: `make` failed with exit code: 2
npm ERR! gyp ERR! stack     at ChildProcess.onExit (/Applications/Max.app/Contents/Resources/C74/packages/Node for Max/source/bin/npm/node_modules/node-gyp/lib/build.js:194:23)
npm ERR! gyp ERR! stack     at ChildProcess.emit (node:events:394:28)
npm ERR! gyp ERR! stack     at Process.ChildProcess._handle.onexit (node:internal/child_process:290:12)
npm ERR! gyp ERR! System Darwin 21.2.0
npm ERR! gyp ERR! command "/Applications/Max.app/Contents/Resources/C74/packages/Node for Max/source/bin/osx/node/node" "/Applications/Max.app/Contents/Resources/C74/packages/Node for Max/source/bin/npm/node_modules/node-gyp/bin/node-gyp.js" "rebuild"
npm ERR! gyp ERR! cwd /Users/Shared/Max 8/Packages/MaxScore/patchers/node.js/max-opentype/node_modules/fontmanager-redux
npm ERR! gyp ERR! node -v v16.6.0
npm ERR! gyp ERR! node-gyp -v v7.1.2
npm ERR! gyp ERR! not ok

npm ERR! A complete log of this run can be found in:
npm ERR!     /Users/hajdu/.npm/_logs/2022-03-07T18_56_50_745Z-debug.log
